INFO 2025-05-01 22:59:23,395 autoreload 3120 6972 Watching for file changes with StatReloader
INFO 2025-05-01 22:59:31,937 autoreload 3120 6972 C:\Users\user-abdulloh\Documents\Github\personal_blog\config\settings.py changed, reloading.
INFO 2025-05-01 22:59:34,756 autoreload 2056 6980 Watching for file changes with StatReloader
INFO 2025-05-01 22:59:41,836 autoreload 2056 6980 C:\Users\user-abdulloh\Documents\Github\personal_blog\config\settings.py changed, reloading.
INFO 2025-05-01 22:59:44,520 autoreload 4000 1600 Watching for file changes with StatReloader
INFO 2025-05-01 23:00:31,021 autoreload 4000 1600 C:\Users\user-abdulloh\Documents\Github\personal_blog\accounts\views.py changed, reloading.
INFO 2025-05-01 23:00:34,294 autoreload 7148 4084 Watching for file changes with StatReloader
DEBUG 2025-05-01 23:00:38,815 admin 7148 3964 User creation form data: {'csrfmiddlewaretoken': 'xYtj9BLr2w9F6jWbZ0YrKLoGT1xmTDtz9BnamByaAP1B8TGSZ82HlS4ruKeazFJS', 'username': 'british_mandem1@', 'email': 'Abdusamadov@hotmail.com', 'first_name': 'British', 'last_name': 'Mandem', 'birthdate': '', '_save': 'Save'}
INFO 2025-05-01 23:00:39,317 basehttp 7148 3964 "POST /admin/accounts/customuser/add/ HTTP/1.1" 200 15669
INFO 2025-05-01 23:00:39,699 basehttp 7148 3964 "GET /static/admin/css/base.css HTTP/1.1" 200 22092
INFO 2025-05-01 23:00:39,743 basehttp 7148 2256 "GET /static/admin/css/dark_mode.css HTTP/1.1" 200 2804
INFO 2025-05-01 23:00:39,743 basehttp 7148 724 "GET /static/admin/js/theme.js HTTP/1.1" 200 1653
INFO 2025-05-01 23:00:39,812 basehttp 7148 2256 "GET /static/admin/css/unusable_password_field.css HTTP/1.1" 200 663
INFO 2025-05-01 23:00:39,820 basehttp 7148 3964 "GET /static/admin/css/nav_sidebar.css HTTP/1.1" 200 2810
INFO 2025-05-01 23:00:39,838 basehttp 7148 724 "GET /static/admin/css/forms.css HTTP/1.1" 200 8794
INFO 2025-05-01 23:00:39,862 basehttp 7148 2256 "GET /static/admin/css/responsive.css HTTP/1.1" 200 17972
INFO 2025-05-01 23:00:39,916 basehttp 7148 3964 "GET /admin/jsi18n/ HTTP/1.1" 200 3342
INFO 2025-05-01 23:00:39,925 basehttp 7148 2256 "GET /static/admin/css/widgets.css HTTP/1.1" 200 11564
INFO 2025-05-01 23:00:39,943 basehttp 7148 724 "GET /static/admin/js/vendor/jquery/jquery.js HTTP/1.1" 200 285314
INFO 2025-05-01 23:00:39,956 basehttp 7148 3964 "GET /static/admin/js/jquery.init.js HTTP/1.1" 200 347
INFO 2025-05-01 23:00:39,990 basehttp 7148 2256 "GET /static/admin/js/urlify.js HTTP/1.1" 200 7887
INFO 2025-05-01 23:00:40,012 basehttp 7148 724 "GET /static/admin/js/prepopulate.js HTTP/1.1" 200 1531
INFO 2025-05-01 23:00:40,059 basehttp 7148 6652 "GET /static/admin/js/core.js HTTP/1.1" 200 6208
INFO 2025-05-01 23:00:40,068 basehttp 7148 2256 "GET /static/admin/js/prepopulate_init.js HTTP/1.1" 200 586
INFO 2025-05-01 23:00:40,084 basehttp 7148 3964 "GET /static/admin/js/vendor/xregexp/xregexp.js HTTP/1.1" 200 325171
INFO 2025-05-01 23:00:40,134 basehttp 7148 2364 "GET /static/admin/js/admin/RelatedObjectLookups.js HTTP/1.1" 200 9097
INFO 2025-05-01 23:00:40,151 basehttp 7148 692 "GET /static/admin/js/actions.js HTTP/1.1" 200 8076
INFO 2025-05-01 23:00:40,187 basehttp 7148 2364 "GET /static/admin/js/nav_sidebar.js HTTP/1.1" 200 3063
INFO 2025-05-01 23:00:40,228 basehttp 7148 692 "GET /static/admin/js/change_form.js HTTP/1.1" 200 606
INFO 2025-05-01 23:00:40,295 basehttp 7148 2364 "GET /static/admin/img/icon-addlink.svg HTTP/1.1" 200 331
INFO 2025-05-01 23:00:40,450 basehttp 7148 692 "GET /static/admin/js/unusable_password_field.js HTTP/1.1" 200 1480
WARNING 2025-05-01 23:00:40,589 log 7148 692 Not Found: /favicon.ico
WARNING 2025-05-01 23:00:40,592 basehttp 7148 692 "GET /favicon.ico HTTP/1.1" 404 4995
DEBUG 2025-05-01 23:01:06,799 admin 7148 692 User creation form data: {'csrfmiddlewaretoken': 'mmTd7CjmgY84pNm3nUdouO9KXUqvmjsrYZN4kC65Oh00rn6Kn2hE5VPvyD7j2lIK', 'username': 'british_mandem1', 'email': 'Abdusamadov@hotmail.com', 'first_name': 'British', 'last_name': 'Mandem', 'birthdate': '2025-04-30', '_save': 'Save'}
INFO 2025-05-01 23:01:09,764 basehttp 7148 692 "POST /admin/accounts/customuser/add/ HTTP/1.1" 302 0
INFO 2025-05-01 23:01:09,994 basehttp 7148 692 "GET /admin/accounts/customuser/3/change/ HTTP/1.1" 200 25020
INFO 2025-05-01 23:01:10,436 basehttp 7148 692 "GET /admin/jsi18n/ HTTP/1.1" 200 3342
INFO 2025-05-01 23:01:33,821 autoreload 7148 4084 C:\Users\user-abdulloh\Documents\Github\personal_blog\accounts\views.py changed, reloading.
INFO 2025-05-01 23:01:36,374 autoreload 4352 6584 Watching for file changes with StatReloader
INFO 2025-05-01 23:01:44,469 autoreload 4352 6584 C:\Users\user-abdulloh\Documents\Github\personal_blog\accounts\admin.py changed, reloading.
INFO 2025-05-01 23:01:47,008 autoreload 2524 4988 Watching for file changes with StatReloader
INFO 2025-05-01 23:02:11,721 autoreload 2524 4988 C:\Users\user-abdulloh\Documents\Github\personal_blog\accounts\admin.py changed, reloading.
INFO 2025-05-01 23:02:14,224 autoreload 1528 5640 Watching for file changes with StatReloader
INFO 2025-05-01 23:02:17,262 autoreload 1528 5640 C:\Users\user-abdulloh\Documents\Github\personal_blog\accounts\admin.py changed, reloading.
INFO 2025-05-01 23:02:19,691 autoreload 5920 6864 Watching for file changes with StatReloader
INFO 2025-05-01 23:02:22,590 autoreload 5920 6864 C:\Users\user-abdulloh\Documents\Github\personal_blog\accounts\urls.py changed, reloading.
INFO 2025-05-01 23:02:25,190 autoreload 4624 5772 Watching for file changes with StatReloader
INFO 2025-05-01 23:02:56,169 autoreload 4624 5772 C:\Users\user-abdulloh\Documents\Github\personal_blog\accounts\models.py changed, reloading.
INFO 2025-05-01 23:02:58,766 autoreload 6884 4460 Watching for file changes with StatReloader
INFO 2025-05-01 23:03:30,888 autoreload 6884 4460 C:\Users\user-abdulloh\Documents\Github\personal_blog\accounts\forms.py changed, reloading.
INFO 2025-05-01 23:03:33,328 autoreload 6008 2056 Watching for file changes with StatReloader
INFO 2025-05-01 23:03:56,620 autoreload 6008 2056 C:\Users\user-abdulloh\Documents\Github\personal_blog\config\settings.py changed, reloading.
